{"C:\\Users\\21653\\Projet-Fil-rouge-CICD\\client\\src\\App.css": {"path":"C:\\Users\\21653\\Projet-Fil-rouge-CICD\\client\\src\\App.css","statementMap":{},"fnMap":{},"branchMap":{},"s":{},"f":{},"b":{},"meta":{"lastBranch":0,"lastFunction":0,"lastStatement":0,"seen":{}}}
,"C:\\Users\\21653\\Projet-Fil-rouge-CICD\\client\\src\\App.jsx": {"path":"C:\\Users\\21653\\Projet-Fil-rouge-CICD\\client\\src\\App.jsx","statementMap":{"0":{"start":{"line":9,"column":2},"end":{"line":16,"column":null}}},"fnMap":{"0":{"name":"App","decl":{"start":{"line":8,"column":9},"end":{"line":8,"column":15}},"loc":{"start":{"line":8,"column":15},"end":{"line":18,"column":null}},"line":8}},"branchMap":{},"s":{"0":2},"f":{"0":2},"b":{},"meta":{"lastBranch":0,"lastFunction":1,"lastStatement":1,"seen":{"f:8:9:8:15":0,"s:9:2:16:Infinity":0}}}
,"C:\\Users\\21653\\Projet-Fil-rouge-CICD\\client\\src\\assets\\undraw_connecting-teams_nnjy.svg": {"path":"C:\\Users\\21653\\Projet-Fil-rouge-CICD\\client\\src\\assets\\undraw_connecting-teams_nnjy.svg","statementMap":{},"fnMap":{},"branchMap":{},"s":{},"f":{},"b":{},"meta":{"lastBranch":0,"lastFunction":0,"lastStatement":0,"seen":{}}}
,"C:\\Users\\21653\\Projet-Fil-rouge-CICD\\client\\src\\components\\addContact.jsx": {"path":"C:\\Users\\21653\\Projet-Fil-rouge-CICD\\client\\src\\components\\addContact.jsx","statementMap":{"0":{"start":{"line":4,"column":16},"end":{"line":4,"column":null}},"1":{"start":{"line":6,"column":19},"end":{"line":129,"column":null}},"2":{"start":{"line":7,"column":28},"end":{"line":11,"column":null}},"3":{"start":{"line":12,"column":28},"end":{"line":12,"column":null}},"4":{"start":{"line":14,"column":2},"end":{"line":16,"column":null}},"5":{"start":{"line":15,"column":4},"end":{"line":15,"column":null}},"6":{"start":{"line":15,"column":26},"end":{"line":15,"column":47}},"7":{"start":{"line":18,"column":23},"end":{"line":24,"column":null}},"8":{"start":{"line":19,"column":28},"end":{"line":19,"column":null}},"9":{"start":{"line":20,"column":4},"end":{"line":23,"column":null}},"10":{"start":{"line":20,"column":26},"end":{"line":23,"column":6}},"11":{"start":{"line":26,"column":23},"end":{"line":56,"column":null}},"12":{"start":{"line":27,"column":4},"end":{"line":27,"column":null}},"13":{"start":{"line":28,"column":4},"end":{"line":28,"column":null}},"14":{"start":{"line":29,"column":4},"end":{"line":55,"column":null}},"15":{"start":{"line":30,"column":6},"end":{"line":30,"column":null}},"16":{"start":{"line":31,"column":23},"end":{"line":31,"column":null}},"17":{"start":{"line":32,"column":6},"end":{"line":45,"column":null}},"18":{"start":{"line":33,"column":8},"end":{"line":33,"column":null}},"19":{"start":{"line":34,"column":8},"end":{"line":34,"column":null}},"20":{"start":{"line":35,"column":8},"end":{"line":38,"column":null}},"21":{"start":{"line":35,"column":30},"end":{"line":38,"column":9}},"22":{"start":{"line":39,"column":8},"end":{"line":44,"column":null}},"23":{"start":{"line":39,"column":30},"end":{"line":44,"column":10}},"24":{"start":{"line":47,"column":6},"end":{"line":47,"column":null}},"25":{"start":{"line":48,"column":6},"end":{"line":54,"column":null}},"26":{"start":{"line":49,"column":8},"end":{"line":49,"column":null}},"27":{"start":{"line":50,"column":6},"end":{"line":54,"column":null}},"28":{"start":{"line":51,"column":8},"end":{"line":51,"column":null}},"29":{"start":{"line":53,"column":8},"end":{"line":53,"column":null}},"30":{"start":{"line":58,"column":2},"end":{"line":127,"column":null}}},"fnMap":{"0":{"name":"(anonymous_0)","decl":{"start":{"line":6,"column":19},"end":{"line":6,"column":20}},"loc":{"start":{"line":6,"column":66},"end":{"line":129,"column":null}},"line":6},"1":{"name":"(anonymous_1)","decl":{"start":{"line":14,"column":12},"end":{"line":14,"column":18}},"loc":{"start":{"line":14,"column":18},"end":{"line":16,"column":5}},"line":14},"2":{"name":"(anonymous_2)","decl":{"start":{"line":15,"column":15},"end":{"line":15,"column":16}},"loc":{"start":{"line":15,"column":26},"end":{"line":15,"column":47}},"line":15},"3":{"name":"(anonymous_3)","decl":{"start":{"line":18,"column":23},"end":{"line":18,"column":24}},"loc":{"start":{"line":18,"column":30},"end":{"line":24,"column":null}},"line":18},"4":{"name":"(anonymous_4)","decl":{"start":{"line":20,"column":15},"end":{"line":20,"column":16}},"loc":{"start":{"line":20,"column":26},"end":{"line":23,"column":6}},"line":20},"5":{"name":"(anonymous_5)","decl":{"start":{"line":26,"column":23},"end":{"line":26,"column":30}},"loc":{"start":{"line":26,"column":36},"end":{"line":56,"column":null}},"line":26},"6":{"name":"(anonymous_6)","decl":{"start":{"line":35,"column":20},"end":{"line":35,"column":21}},"loc":{"start":{"line":35,"column":30},"end":{"line":38,"column":9}},"line":35},"7":{"name":"(anonymous_7)","decl":{"start":{"line":39,"column":19},"end":{"line":39,"column":20}},"loc":{"start":{"line":39,"column":30},"end":{"line":44,"column":10}},"line":39}},"branchMap":{"0":{"loc":{"start":{"line":32,"column":6},"end":{"line":45,"column":null}},"type":"if","locations":[{"start":{"line":32,"column":6},"end":{"line":45,"column":null}},{"start":{},"end":{}}],"line":32},"1":{"loc":{"start":{"line":48,"column":6},"end":{"line":54,"column":null}},"type":"if","locations":[{"start":{"line":48,"column":6},"end":{"line":54,"column":null}},{"start":{"line":50,"column":6},"end":{"line":54,"column":null}}],"line":48},"2":{"loc":{"start":{"line":49,"column":24},"end":{"line":49,"column":77}},"type":"binary-expr","locations":[{"start":{"line":49,"column":24},"end":{"line":49,"column":55}},{"start":{"line":49,"column":55},"end":{"line":49,"column":77}}],"line":49},"3":{"loc":{"start":{"line":50,"column":6},"end":{"line":54,"column":null}},"type":"if","locations":[{"start":{"line":50,"column":6},"end":{"line":54,"column":null}},{"start":{"line":52,"column":13},"end":{"line":54,"column":null}}],"line":50},"4":{"loc":{"start":{"line":121,"column":9},"end":{"line":124,"column":null}},"type":"cond-expr","locations":[{"start":{"line":122,"column":10},"end":{"line":122,"column":null}},{"start":{"line":124,"column":10},"end":{"line":124,"column":null}}],"line":121}},"s":{"0":3,"1":3,"2":21,"3":21,"4":21,"5":6,"6":6,"7":21,"8":3,"9":3,"10":3,"11":21,"12":1,"13":1,"14":1,"15":1,"16":1,"17":1,"18":1,"19":1,"20":1,"21":0,"22":1,"23":1,"24":0,"25":0,"26":0,"27":0,"28":0,"29":0,"30":21},"f":{"0":21,"1":6,"2":6,"3":3,"4":3,"5":1,"6":0,"7":1},"b":{"0":[1,0],"1":[0,0],"2":[0,0],"3":[0,0],"4":[1,20]},"meta":{"lastBranch":5,"lastFunction":8,"lastStatement":31,"seen":{"s:4:16:4:Infinity":0,"s:6:19:129:Infinity":1,"f:6:19:6:20":0,"s:7:28:11:Infinity":2,"s:12:28:12:Infinity":3,"s:14:2:16:Infinity":4,"f:14:12:14:18":1,"s:15:4:15:Infinity":5,"f:15:15:15:16":2,"s:15:26:15:47":6,"s:18:23:24:Infinity":7,"f:18:23:18:24":3,"s:19:28:19:Infinity":8,"s:20:4:23:Infinity":9,"f:20:15:20:16":4,"s:20:26:23:6":10,"s:26:23:56:Infinity":11,"f:26:23:26:30":5,"s:27:4:27:Infinity":12,"s:28:4:28:Infinity":13,"s:29:4:55:Infinity":14,"s:30:6:30:Infinity":15,"s:31:23:31:Infinity":16,"b:32:6:45:Infinity:undefined:undefined:undefined:undefined":0,"s:32:6:45:Infinity":17,"s:33:8:33:Infinity":18,"s:34:8:34:Infinity":19,"s:35:8:38:Infinity":20,"f:35:20:35:21":6,"s:35:30:38:9":21,"s:39:8:44:Infinity":22,"f:39:19:39:20":7,"s:39:30:44:10":23,"s:47:6:47:Infinity":24,"b:48:6:54:Infinity:50:6:54:Infinity":1,"s:48:6:54:Infinity":25,"s:49:8:49:Infinity":26,"b:49:24:49:55:49:55:49:77":2,"b:50:6:54:Infinity:52:13:54:Infinity":3,"s:50:6:54:Infinity":27,"s:51:8:51:Infinity":28,"s:53:8:53:Infinity":29,"s:58:2:127:Infinity":30,"b:122:10:122:Infinity:124:10:124:Infinity":4}}}
,"C:\\Users\\21653\\Projet-Fil-rouge-CICD\\client\\src\\components\\contactCard.jsx": {"path":"C:\\Users\\21653\\Projet-Fil-rouge-CICD\\client\\src\\components\\contactCard.jsx","statementMap":{"0":{"start":{"line":8,"column":16},"end":{"line":8,"column":null}},"1":{"start":{"line":10,"column":20},"end":{"line":189,"column":null}},"2":{"start":{"line":11,"column":26},"end":{"line":11,"column":null}},"3":{"start":{"line":12,"column":40},"end":{"line":16,"column":null}},"4":{"start":{"line":18,"column":2},"end":{"line":26,"column":null}},"5":{"start":{"line":20,"column":6},"end":{"line":24,"column":null}},"6":{"start":{"line":28,"column":23},"end":{"line":34,"column":null}},"7":{"start":{"line":29,"column":28},"end":{"line":29,"column":null}},"8":{"start":{"line":30,"column":4},"end":{"line":33,"column":null}},"9":{"start":{"line":30,"column":32},"end":{"line":33,"column":6}},"10":{"start":{"line":36,"column":29},"end":{"line":43,"column":null}},"11":{"start":{"line":37,"column":4},"end":{"line":41,"column":null}},"12":{"start":{"line":42,"column":4},"end":{"line":42,"column":null}},"13":{"start":{"line":45,"column":23},"end":{"line":65,"column":null}},"14":{"start":{"line":46,"column":4},"end":{"line":46,"column":null}},"15":{"start":{"line":47,"column":4},"end":{"line":64,"column":null}},"16":{"start":{"line":48,"column":23},"end":{"line":51,"column":null}},"17":{"start":{"line":52,"column":6},"end":{"line":55,"column":null}},"18":{"start":{"line":53,"column":8},"end":{"line":53,"column":null}},"19":{"start":{"line":54,"column":8},"end":{"line":54,"column":null}},"20":{"start":{"line":57,"column":6},"end":{"line":63,"column":null}},"21":{"start":{"line":58,"column":8},"end":{"line":58,"column":null}},"22":{"start":{"line":59,"column":6},"end":{"line":63,"column":null}},"23":{"start":{"line":60,"column":8},"end":{"line":60,"column":null}},"24":{"start":{"line":62,"column":8},"end":{"line":62,"column":null}},"25":{"start":{"line":67,"column":23},"end":{"line":83,"column":null}},"26":{"start":{"line":68,"column":4},"end":{"line":82,"column":null}},"27":{"start":{"line":69,"column":23},"end":{"line":69,"column":null}},"28":{"start":{"line":70,"column":6},"end":{"line":73,"column":null}},"29":{"start":{"line":71,"column":8},"end":{"line":71,"column":null}},"30":{"start":{"line":72,"column":8},"end":{"line":72,"column":null}},"31":{"start":{"line":72,"column":30},"end":{"line":72,"column":77}},"32":{"start":{"line":72,"column":52},"end":{"line":72,"column":76}},"33":{"start":{"line":75,"column":6},"end":{"line":81,"column":null}},"34":{"start":{"line":76,"column":8},"end":{"line":76,"column":null}},"35":{"start":{"line":77,"column":6},"end":{"line":81,"column":null}},"36":{"start":{"line":78,"column":8},"end":{"line":78,"column":null}},"37":{"start":{"line":80,"column":8},"end":{"line":80,"column":null}},"38":{"start":{"line":85,"column":2},"end":{"line":187,"column":null}},"39":{"start":{"line":159,"column":27},"end":{"line":159,"column":null}}},"fnMap":{"0":{"name":"(anonymous_0)","decl":{"start":{"line":10,"column":20},"end":{"line":10,"column":21}},"loc":{"start":{"line":10,"column":67},"end":{"line":189,"column":null}},"line":10},"1":{"name":"(anonymous_1)","decl":{"start":{"line":19,"column":4},"end":{"line":19,"column":null}},"loc":{"start":{"line":20,"column":6},"end":{"line":24,"column":null}},"line":20},"2":{"name":"(anonymous_2)","decl":{"start":{"line":28,"column":23},"end":{"line":28,"column":24}},"loc":{"start":{"line":28,"column":30},"end":{"line":34,"column":null}},"line":28},"3":{"name":"(anonymous_3)","decl":{"start":{"line":30,"column":21},"end":{"line":30,"column":22}},"loc":{"start":{"line":30,"column":32},"end":{"line":33,"column":6}},"line":30},"4":{"name":"(anonymous_4)","decl":{"start":{"line":36,"column":29},"end":{"line":36,"column":35}},"loc":{"start":{"line":36,"column":35},"end":{"line":43,"column":null}},"line":36},"5":{"name":"(anonymous_5)","decl":{"start":{"line":45,"column":23},"end":{"line":45,"column":30}},"loc":{"start":{"line":45,"column":36},"end":{"line":65,"column":null}},"line":45},"6":{"name":"(anonymous_6)","decl":{"start":{"line":67,"column":23},"end":{"line":67,"column":35}},"loc":{"start":{"line":67,"column":35},"end":{"line":83,"column":null}},"line":67},"7":{"name":"(anonymous_7)","decl":{"start":{"line":72,"column":20},"end":{"line":72,"column":21}},"loc":{"start":{"line":72,"column":30},"end":{"line":72,"column":77}},"line":72},"8":{"name":"(anonymous_8)","decl":{"start":{"line":72,"column":42},"end":{"line":72,"column":43}},"loc":{"start":{"line":72,"column":52},"end":{"line":72,"column":76}},"line":72},"9":{"name":"(anonymous_9)","decl":{"start":{"line":159,"column":21},"end":{"line":159,"column":27}},"loc":{"start":{"line":159,"column":27},"end":{"line":159,"column":null}},"line":159}},"branchMap":{"0":{"loc":{"start":{"line":52,"column":6},"end":{"line":55,"column":null}},"type":"if","locations":[{"start":{"line":52,"column":6},"end":{"line":55,"column":null}},{"start":{},"end":{}}],"line":52},"1":{"loc":{"start":{"line":57,"column":6},"end":{"line":63,"column":null}},"type":"if","locations":[{"start":{"line":57,"column":6},"end":{"line":63,"column":null}},{"start":{"line":59,"column":6},"end":{"line":63,"column":null}}],"line":57},"2":{"loc":{"start":{"line":58,"column":24},"end":{"line":58,"column":77}},"type":"binary-expr","locations":[{"start":{"line":58,"column":24},"end":{"line":58,"column":55}},{"start":{"line":58,"column":55},"end":{"line":58,"column":77}}],"line":58},"3":{"loc":{"start":{"line":59,"column":6},"end":{"line":63,"column":null}},"type":"if","locations":[{"start":{"line":59,"column":6},"end":{"line":63,"column":null}},{"start":{"line":61,"column":13},"end":{"line":63,"column":null}}],"line":59},"4":{"loc":{"start":{"line":70,"column":6},"end":{"line":73,"column":null}},"type":"if","locations":[{"start":{"line":70,"column":6},"end":{"line":73,"column":null}},{"start":{},"end":{}}],"line":70},"5":{"loc":{"start":{"line":75,"column":6},"end":{"line":81,"column":null}},"type":"if","locations":[{"start":{"line":75,"column":6},"end":{"line":81,"column":null}},{"start":{"line":77,"column":6},"end":{"line":81,"column":null}}],"line":75},"6":{"loc":{"start":{"line":76,"column":24},"end":{"line":76,"column":77}},"type":"binary-expr","locations":[{"start":{"line":76,"column":24},"end":{"line":76,"column":55}},{"start":{"line":76,"column":55},"end":{"line":76,"column":77}}],"line":76},"7":{"loc":{"start":{"line":77,"column":6},"end":{"line":81,"column":null}},"type":"if","locations":[{"start":{"line":77,"column":6},"end":{"line":81,"column":null}},{"start":{"line":79,"column":13},"end":{"line":81,"column":null}}],"line":77},"8":{"loc":{"start":{"line":91,"column":9},"end":{"line":103,"column":null}},"type":"cond-expr","locations":[{"start":{"line":92,"column":10},"end":{"line":101,"column":null}},{"start":{"line":103,"column":10},"end":{"line":103,"column":null}}],"line":91},"9":{"loc":{"start":{"line":113,"column":9},"end":{"line":124,"column":null}},"type":"cond-expr","locations":[{"start":{"line":114,"column":10},"end":{"line":122,"column":null}},{"start":{"line":124,"column":10},"end":{"line":124,"column":null}}],"line":113},"10":{"loc":{"start":{"line":124,"column":33},"end":{"line":124,"column":67}},"type":"binary-expr","locations":[{"start":{"line":124,"column":33},"end":{"line":124,"column":59}},{"start":{"line":124,"column":59},"end":{"line":124,"column":67}}],"line":124},"11":{"loc":{"start":{"line":134,"column":9},"end":{"line":147,"column":null}},"type":"cond-expr","locations":[{"start":{"line":135,"column":10},"end":{"line":145,"column":null}},{"start":{"line":147,"column":10},"end":{"line":147,"column":null}}],"line":134},"12":{"loc":{"start":{"line":156,"column":7},"end":{"line":168,"column":null}},"type":"binary-expr","locations":[{"start":{"line":156,"column":7},"end":{"line":156,"column":null}},{"start":{"line":157,"column":8},"end":{"line":168,"column":null}}],"line":156},"13":{"loc":{"start":{"line":170,"column":7},"end":{"line":185,"column":null}},"type":"binary-expr","locations":[{"start":{"line":170,"column":7},"end":{"line":170,"column":null}},{"start":{"line":171,"column":8},"end":{"line":185,"column":null}}],"line":170}},"s":{"0":3,"1":3,"2":18,"3":18,"4":18,"5":7,"6":18,"7":0,"8":0,"9":0,"10":18,"11":0,"12":0,"13":18,"14":0,"15":0,"16":0,"17":0,"18":0,"19":0,"20":0,"21":0,"22":0,"23":0,"24":0,"25":18,"26":1,"27":1,"28":1,"29":1,"30":1,"31":0,"32":0,"33":0,"34":0,"35":0,"36":0,"37":0,"38":18,"39":1},"f":{"0":18,"1":7,"2":0,"3":0,"4":0,"5":0,"6":1,"7":0,"8":0,"9":1},"b":{"0":[0,0],"1":[0,0],"2":[0,0],"3":[0,0],"4":[1,0],"5":[0,0],"6":[0,0],"7":[0,0],"8":[1,17],"9":[1,17],"10":[17,7],"11":[1,17],"12":[18,17],"13":[18,1]},"meta":{"lastBranch":14,"lastFunction":10,"lastStatement":40,"seen":{"s:8:16:8:Infinity":0,"s:10:20:189:Infinity":1,"f:10:20:10:21":0,"s:11:26:11:Infinity":2,"s:12:40:16:Infinity":3,"s:18:2:26:Infinity":4,"f:19:4:19:Infinity":1,"s:20:6:24:Infinity":5,"s:28:23:34:Infinity":6,"f:28:23:28:24":2,"s:29:28:29:Infinity":7,"s:30:4:33:Infinity":8,"f:30:21:30:22":3,"s:30:32:33:6":9,"s:36:29:43:Infinity":10,"f:36:29:36:35":4,"s:37:4:41:Infinity":11,"s:42:4:42:Infinity":12,"s:45:23:65:Infinity":13,"f:45:23:45:30":5,"s:46:4:46:Infinity":14,"s:47:4:64:Infinity":15,"s:48:23:51:Infinity":16,"b:52:6:55:Infinity:undefined:undefined:undefined:undefined":0,"s:52:6:55:Infinity":17,"s:53:8:53:Infinity":18,"s:54:8:54:Infinity":19,"b:57:6:63:Infinity:59:6:63:Infinity":1,"s:57:6:63:Infinity":20,"s:58:8:58:Infinity":21,"b:58:24:58:55:58:55:58:77":2,"b:59:6:63:Infinity:61:13:63:Infinity":3,"s:59:6:63:Infinity":22,"s:60:8:60:Infinity":23,"s:62:8:62:Infinity":24,"s:67:23:83:Infinity":25,"f:67:23:67:35":6,"s:68:4:82:Infinity":26,"s:69:23:69:Infinity":27,"b:70:6:73:Infinity:undefined:undefined:undefined:undefined":4,"s:70:6:73:Infinity":28,"s:71:8:71:Infinity":29,"s:72:8:72:Infinity":30,"f:72:20:72:21":7,"s:72:30:72:77":31,"f:72:42:72:43":8,"s:72:52:72:76":32,"b:75:6:81:Infinity:77:6:81:Infinity":5,"s:75:6:81:Infinity":33,"s:76:8:76:Infinity":34,"b:76:24:76:55:76:55:76:77":6,"b:77:6:81:Infinity:79:13:81:Infinity":7,"s:77:6:81:Infinity":35,"s:78:8:78:Infinity":36,"s:80:8:80:Infinity":37,"s:85:2:187:Infinity":38,"b:92:10:101:Infinity:103:10:103:Infinity":8,"b:114:10:122:Infinity:124:10:124:Infinity":9,"b:124:33:124:59:124:59:124:67":10,"b:135:10:145:Infinity:147:10:147:Infinity":11,"b:156:7:156:Infinity:157:8:168:Infinity":12,"f:159:21:159:27":9,"s:159:27:159:Infinity":39,"b:170:7:170:Infinity:171:8:185:Infinity":13}}}
,"C:\\Users\\21653\\Projet-Fil-rouge-CICD\\client\\src\\components\\navBare.jsx": {"path":"C:\\Users\\21653\\Projet-Fil-rouge-CICD\\client\\src\\components\\navBare.jsx","statementMap":{"0":{"start":{"line":5,"column":16},"end":{"line":31,"column":null}},"1":{"start":{"line":6,"column":8},"end":{"line":6,"column":null}},"2":{"start":{"line":7,"column":17},"end":{"line":10,"column":null}},"3":{"start":{"line":8,"column":4},"end":{"line":8,"column":null}},"4":{"start":{"line":9,"column":4},"end":{"line":9,"column":null}},"5":{"start":{"line":11,"column":2},"end":{"line":29,"column":null}}},"fnMap":{"0":{"name":"(anonymous_0)","decl":{"start":{"line":5,"column":16},"end":{"line":5,"column":17}},"loc":{"start":{"line":5,"column":34},"end":{"line":31,"column":null}},"line":5},"1":{"name":"(anonymous_1)","decl":{"start":{"line":7,"column":17},"end":{"line":7,"column":23}},"loc":{"start":{"line":7,"column":23},"end":{"line":10,"column":null}},"line":7}},"branchMap":{},"s":{"0":3,"1":12,"2":12,"3":1,"4":1,"5":12},"f":{"0":12,"1":1},"b":{},"meta":{"lastBranch":0,"lastFunction":2,"lastStatement":6,"seen":{"s:5:16:31:Infinity":0,"f:5:16:5:17":0,"s:6:8:6:Infinity":1,"s:7:17:10:Infinity":2,"f:7:17:7:23":1,"s:8:4:8:Infinity":3,"s:9:4:9:Infinity":4,"s:11:2:29:Infinity":5}}}
,"C:\\Users\\21653\\Projet-Fil-rouge-CICD\\client\\src\\pages\\contactsManager.jsx": {"path":"C:\\Users\\21653\\Projet-Fil-rouge-CICD\\client\\src\\pages\\contactsManager.jsx","statementMap":{"0":{"start":{"line":7,"column":16},"end":{"line":7,"column":null}},"1":{"start":{"line":9,"column":23},"end":{"line":102,"column":null}},"2":{"start":{"line":10,"column":22},"end":{"line":10,"column":null}},"3":{"start":{"line":11,"column":30},"end":{"line":11,"column":null}},"4":{"start":{"line":12,"column":46},"end":{"line":12,"column":null}},"5":{"start":{"line":13,"column":38},"end":{"line":13,"column":null}},"6":{"start":{"line":14,"column":34},"end":{"line":14,"column":null}},"7":{"start":{"line":16,"column":2},"end":{"line":27,"column":null}},"8":{"start":{"line":17,"column":18},"end":{"line":17,"column":null}},"9":{"start":{"line":18,"column":4},"end":{"line":26,"column":null}},"10":{"start":{"line":19,"column":6},"end":{"line":25,"column":null}},"11":{"start":{"line":20,"column":14},"end":{"line":20,"column":null}},"12":{"start":{"line":21,"column":8},"end":{"line":21,"column":null}},"13":{"start":{"line":23,"column":8},"end":{"line":23,"column":null}},"14":{"start":{"line":24,"column":8},"end":{"line":24,"column":null}},"15":{"start":{"line":29,"column":2},"end":{"line":36,"column":null}},"16":{"start":{"line":30,"column":4},"end":{"line":35,"column":null}},"17":{"start":{"line":31,"column":6},"end":{"line":34,"column":null}},"18":{"start":{"line":33,"column":23},"end":{"line":33,"column":44}},"19":{"start":{"line":34,"column":24},"end":{"line":34,"column":69}},"20":{"start":{"line":38,"column":2},"end":{"line":50,"column":null}},"21":{"start":{"line":39,"column":4},"end":{"line":49,"column":null}},"22":{"start":{"line":40,"column":6},"end":{"line":40,"column":null}},"23":{"start":{"line":42,"column":6},"end":{"line":48,"column":null}},"24":{"start":{"line":44,"column":10},"end":{"line":46,"column":null}},"25":{"start":{"line":52,"column":2},"end":{"line":58,"column":null}},"26":{"start":{"line":53,"column":4},"end":{"line":53,"column":null}},"27":{"start":{"line":53,"column":23},"end":{"line":53,"column":null}},"28":{"start":{"line":54,"column":18},"end":{"line":56,"column":null}},"29":{"start":{"line":55,"column":6},"end":{"line":55,"column":null}},"30":{"start":{"line":57,"column":4},"end":{"line":57,"column":null}},"31":{"start":{"line":57,"column":17},"end":{"line":57,"column":null}},"32":{"start":{"line":60,"column":2},"end":{"line":100,"column":null}},"33":{"start":{"line":81,"column":27},"end":{"line":81,"column":null}},"34":{"start":{"line":88,"column":14},"end":{"line":93,"column":null}}},"fnMap":{"0":{"name":"(anonymous_0)","decl":{"start":{"line":9,"column":23},"end":{"line":9,"column":29}},"loc":{"start":{"line":9,"column":29},"end":{"line":102,"column":null}},"line":9},"1":{"name":"(anonymous_1)","decl":{"start":{"line":16,"column":18},"end":{"line":16,"column":24}},"loc":{"start":{"line":16,"column":24},"end":{"line":27,"column":5}},"line":16},"2":{"name":"(anonymous_2)","decl":{"start":{"line":29,"column":12},"end":{"line":29,"column":18}},"loc":{"start":{"line":29,"column":18},"end":{"line":36,"column":5}},"line":29},"3":{"name":"(anonymous_3)","decl":{"start":{"line":33,"column":14},"end":{"line":33,"column":15}},"loc":{"start":{"line":33,"column":23},"end":{"line":33,"column":44}},"line":33},"4":{"name":"(anonymous_4)","decl":{"start":{"line":34,"column":15},"end":{"line":34,"column":16}},"loc":{"start":{"line":34,"column":24},"end":{"line":34,"column":69}},"line":34},"5":{"name":"(anonymous_5)","decl":{"start":{"line":38,"column":12},"end":{"line":38,"column":18}},"loc":{"start":{"line":38,"column":18},"end":{"line":50,"column":5}},"line":38},"6":{"name":"(anonymous_6)","decl":{"start":{"line":43,"column":24},"end":{"line":43,"column":25}},"loc":{"start":{"line":44,"column":10},"end":{"line":46,"column":null}},"line":44},"7":{"name":"(anonymous_7)","decl":{"start":{"line":52,"column":12},"end":{"line":52,"column":18}},"loc":{"start":{"line":52,"column":18},"end":{"line":58,"column":5}},"line":52},"8":{"name":"(anonymous_8)","decl":{"start":{"line":54,"column":29},"end":{"line":54,"column":35}},"loc":{"start":{"line":54,"column":35},"end":{"line":56,"column":7}},"line":54},"9":{"name":"(anonymous_9)","decl":{"start":{"line":57,"column":11},"end":{"line":57,"column":17}},"loc":{"start":{"line":57,"column":17},"end":{"line":57,"column":null}},"line":57},"10":{"name":"(anonymous_10)","decl":{"start":{"line":81,"column":20},"end":{"line":81,"column":21}},"loc":{"start":{"line":81,"column":27},"end":{"line":81,"column":null}},"line":81},"11":{"name":"(anonymous_11)","decl":{"start":{"line":87,"column":34},"end":{"line":87,"column":35}},"loc":{"start":{"line":88,"column":14},"end":{"line":93,"column":null}},"line":88}},"branchMap":{"0":{"loc":{"start":{"line":18,"column":4},"end":{"line":26,"column":null}},"type":"if","locations":[{"start":{"line":18,"column":4},"end":{"line":26,"column":null}},{"start":{},"end":{}}],"line":18},"1":{"loc":{"start":{"line":30,"column":4},"end":{"line":35,"column":null}},"type":"if","locations":[{"start":{"line":30,"column":4},"end":{"line":35,"column":null}},{"start":{},"end":{}}],"line":30},"2":{"loc":{"start":{"line":39,"column":4},"end":{"line":49,"column":null}},"type":"if","locations":[{"start":{"line":39,"column":4},"end":{"line":49,"column":null}},{"start":{"line":41,"column":11},"end":{"line":49,"column":null}}],"line":39},"3":{"loc":{"start":{"line":53,"column":4},"end":{"line":53,"column":null}},"type":"if","locations":[{"start":{"line":53,"column":4},"end":{"line":53,"column":null}},{"start":{},"end":{}}],"line":53},"4":{"loc":{"start":{"line":63,"column":7},"end":{"line":70,"column":null}},"type":"binary-expr","locations":[{"start":{"line":63,"column":7},"end":{"line":63,"column":null}},{"start":{"line":64,"column":8},"end":{"line":70,"column":null}}],"line":63},"5":{"loc":{"start":{"line":66,"column":12},"end":{"line":66,"column":null}},"type":"cond-expr","locations":[{"start":{"line":66,"column":27},"end":{"line":66,"column":43}},{"start":{"line":66,"column":43},"end":{"line":66,"column":null}}],"line":66},"6":{"loc":{"start":{"line":85,"column":9},"end":{"line":97,"column":null}},"type":"cond-expr","locations":[{"start":{"line":86,"column":10},"end":{"line":95,"column":null}},{"start":{"line":97,"column":10},"end":{"line":97,"column":null}}],"line":85}},"s":{"0":2,"1":2,"2":10,"3":10,"4":10,"5":10,"6":10,"7":10,"8":2,"9":2,"10":2,"11":2,"12":2,"13":0,"14":0,"15":10,"16":4,"17":2,"18":2,"19":0,"20":10,"21":5,"22":4,"23":1,"24":2,"25":10,"26":2,"27":2,"28":0,"29":0,"30":0,"31":0,"32":10,"33":1,"34":7},"f":{"0":10,"1":2,"2":4,"3":2,"4":0,"5":5,"6":2,"7":2,"8":0,"9":0,"10":1,"11":7},"b":{"0":[2,0],"1":[2,2],"2":[4,1],"3":[2,0],"4":[10,0],"5":[0,0],"6":[4,6]},"meta":{"lastBranch":7,"lastFunction":12,"lastStatement":35,"seen":{"s:7:16:7:Infinity":0,"s:9:23:102:Infinity":1,"f:9:23:9:29":0,"s:10:22:10:Infinity":2,"s:11:30:11:Infinity":3,"s:12:46:12:Infinity":4,"s:13:38:13:Infinity":5,"s:14:34:14:Infinity":6,"s:16:2:27:Infinity":7,"f:16:18:16:24":1,"s:17:18:17:Infinity":8,"b:18:4:26:Infinity:undefined:undefined:undefined:undefined":0,"s:18:4:26:Infinity":9,"s:19:6:25:Infinity":10,"s:20:14:20:Infinity":11,"s:21:8:21:Infinity":12,"s:23:8:23:Infinity":13,"s:24:8:24:Infinity":14,"s:29:2:36:Infinity":15,"f:29:12:29:18":2,"b:30:4:35:Infinity:undefined:undefined:undefined:undefined":1,"s:30:4:35:Infinity":16,"s:31:6:34:Infinity":17,"f:33:14:33:15":3,"s:33:23:33:44":18,"f:34:15:34:16":4,"s:34:24:34:69":19,"s:38:2:50:Infinity":20,"f:38:12:38:18":5,"b:39:4:49:Infinity:41:11:49:Infinity":2,"s:39:4:49:Infinity":21,"s:40:6:40:Infinity":22,"s:42:6:48:Infinity":23,"f:43:24:43:25":6,"s:44:10:46:Infinity":24,"s:52:2:58:Infinity":25,"f:52:12:52:18":7,"b:53:4:53:Infinity:undefined:undefined:undefined:undefined":3,"s:53:4:53:Infinity":26,"s:53:23:53:Infinity":27,"s:54:18:56:Infinity":28,"f:54:29:54:35":8,"s:55:6:55:Infinity":29,"s:57:4:57:Infinity":30,"f:57:11:57:17":9,"s:57:17:57:Infinity":31,"s:60:2:100:Infinity":32,"b:63:7:63:Infinity:64:8:70:Infinity":4,"b:66:27:66:43:66:43:66:Infinity":5,"f:81:20:81:21":10,"s:81:27:81:Infinity":33,"b:86:10:95:Infinity:97:10:97:Infinity":6,"f:87:34:87:35":11,"s:88:14:93:Infinity":34}}}
,"C:\\Users\\21653\\Projet-Fil-rouge-CICD\\client\\src\\pages\\home.jsx": {"path":"C:\\Users\\21653\\Projet-Fil-rouge-CICD\\client\\src\\pages\\home.jsx","statementMap":{"0":{"start":{"line":3,"column":13},"end":{"line":34,"column":null}},"1":{"start":{"line":4,"column":8},"end":{"line":4,"column":null}},"2":{"start":{"line":5,"column":2},"end":{"line":32,"column":null}},"3":{"start":{"line":12,"column":25},"end":{"line":12,"column":null}}},"fnMap":{"0":{"name":"(anonymous_0)","decl":{"start":{"line":3,"column":13},"end":{"line":3,"column":19}},"loc":{"start":{"line":3,"column":19},"end":{"line":34,"column":null}},"line":3},"1":{"name":"(anonymous_1)","decl":{"start":{"line":12,"column":19},"end":{"line":12,"column":25}},"loc":{"start":{"line":12,"column":25},"end":{"line":12,"column":null}},"line":12}},"branchMap":{},"s":{"0":1,"1":1,"2":1,"3":0},"f":{"0":1,"1":0},"b":{},"meta":{"lastBranch":0,"lastFunction":2,"lastStatement":4,"seen":{"s:3:13:34:Infinity":0,"f:3:13:3:19":0,"s:4:8:4:Infinity":1,"s:5:2:32:Infinity":2,"f:12:19:12:25":1,"s:12:25:12:Infinity":3}}}
,"C:\\Users\\21653\\Projet-Fil-rouge-CICD\\client\\src\\pages\\login.jsx": {"path":"C:\\Users\\21653\\Projet-Fil-rouge-CICD\\client\\src\\pages\\login.jsx","statementMap":{"0":{"start":{"line":5,"column":16},"end":{"line":5,"column":null}},"1":{"start":{"line":7,"column":14},"end":{"line":166,"column":null}},"2":{"start":{"line":8,"column":8},"end":{"line":8,"column":null}},"3":{"start":{"line":9,"column":38},"end":{"line":9,"column":null}},"4":{"start":{"line":10,"column":30},"end":{"line":10,"column":null}},"5":{"start":{"line":11,"column":24},"end":{"line":11,"column":null}},"6":{"start":{"line":12,"column":30},"end":{"line":12,"column":null}},"7":{"start":{"line":13,"column":28},"end":{"line":13,"column":null}},"8":{"start":{"line":14,"column":28},"end":{"line":14,"column":null}},"9":{"start":{"line":15,"column":38},"end":{"line":15,"column":null}},"10":{"start":{"line":17,"column":23},"end":{"line":65,"column":null}},"11":{"start":{"line":18,"column":4},"end":{"line":18,"column":null}},"12":{"start":{"line":19,"column":4},"end":{"line":19,"column":null}},"13":{"start":{"line":20,"column":4},"end":{"line":64,"column":null}},"14":{"start":{"line":21,"column":6},"end":{"line":44,"column":null}},"15":{"start":{"line":22,"column":21},"end":{"line":22,"column":null}},"16":{"start":{"line":23,"column":25},"end":{"line":23,"column":null}},"17":{"start":{"line":24,"column":8},"end":{"line":24,"column":null}},"18":{"start":{"line":26,"column":8},"end":{"line":33,"column":null}},"19":{"start":{"line":27,"column":10},"end":{"line":27,"column":null}},"20":{"start":{"line":28,"column":10},"end":{"line":28,"column":null}},"21":{"start":{"line":29,"column":10},"end":{"line":29,"column":null}},"22":{"start":{"line":30,"column":10},"end":{"line":30,"column":null}},"23":{"start":{"line":31,"column":10},"end":{"line":31,"column":null}},"24":{"start":{"line":32,"column":10},"end":{"line":32,"column":null}},"25":{"start":{"line":35,"column":8},"end":{"line":35,"column":null}},"26":{"start":{"line":36,"column":8},"end":{"line":36,"column":null}},"27":{"start":{"line":37,"column":8},"end":{"line":43,"column":null}},"28":{"start":{"line":38,"column":10},"end":{"line":38,"column":null}},"29":{"start":{"line":39,"column":8},"end":{"line":43,"column":null}},"30":{"start":{"line":40,"column":10},"end":{"line":40,"column":null}},"31":{"start":{"line":42,"column":10},"end":{"line":42,"column":null}},"32":{"start":{"line":46,"column":19},"end":{"line":46,"column":null}},"33":{"start":{"line":47,"column":6},"end":{"line":63,"column":null}},"34":{"start":{"line":48,"column":25},"end":{"line":48,"column":null}},"35":{"start":{"line":49,"column":8},"end":{"line":52,"column":null}},"36":{"start":{"line":50,"column":10},"end":{"line":50,"column":null}},"37":{"start":{"line":51,"column":10},"end":{"line":51,"column":null}},"38":{"start":{"line":54,"column":8},"end":{"line":54,"column":null}},"39":{"start":{"line":55,"column":8},"end":{"line":55,"column":null}},"40":{"start":{"line":56,"column":8},"end":{"line":62,"column":null}},"41":{"start":{"line":57,"column":10},"end":{"line":57,"column":null}},"42":{"start":{"line":58,"column":8},"end":{"line":62,"column":null}},"43":{"start":{"line":59,"column":10},"end":{"line":59,"column":null}},"44":{"start":{"line":61,"column":10},"end":{"line":61,"column":null}},"45":{"start":{"line":67,"column":2},"end":{"line":164,"column":null}},"46":{"start":{"line":70,"column":23},"end":{"line":70,"column":null}},"47":{"start":{"line":99,"column":39},"end":{"line":99,"column":null}},"48":{"start":{"line":118,"column":37},"end":{"line":118,"column":null}},"49":{"start":{"line":136,"column":37},"end":{"line":136,"column":null}},"50":{"start":{"line":154,"column":35},"end":{"line":154,"column":null}}},"fnMap":{"0":{"name":"(anonymous_0)","decl":{"start":{"line":7,"column":14},"end":{"line":7,"column":20}},"loc":{"start":{"line":7,"column":20},"end":{"line":166,"column":null}},"line":7},"1":{"name":"(anonymous_1)","decl":{"start":{"line":17,"column":23},"end":{"line":17,"column":30}},"loc":{"start":{"line":17,"column":36},"end":{"line":65,"column":null}},"line":17},"2":{"name":"(anonymous_2)","decl":{"start":{"line":70,"column":17},"end":{"line":70,"column":23}},"loc":{"start":{"line":70,"column":23},"end":{"line":70,"column":null}},"line":70},"3":{"name":"(anonymous_3)","decl":{"start":{"line":99,"column":32},"end":{"line":99,"column":33}},"loc":{"start":{"line":99,"column":39},"end":{"line":99,"column":null}},"line":99},"4":{"name":"(anonymous_4)","decl":{"start":{"line":118,"column":30},"end":{"line":118,"column":31}},"loc":{"start":{"line":118,"column":37},"end":{"line":118,"column":null}},"line":118},"5":{"name":"(anonymous_5)","decl":{"start":{"line":136,"column":30},"end":{"line":136,"column":31}},"loc":{"start":{"line":136,"column":37},"end":{"line":136,"column":null}},"line":136},"6":{"name":"(anonymous_6)","decl":{"start":{"line":154,"column":29},"end":{"line":154,"column":35}},"loc":{"start":{"line":154,"column":35},"end":{"line":154,"column":null}},"line":154}},"branchMap":{"0":{"loc":{"start":{"line":20,"column":4},"end":{"line":64,"column":null}},"type":"if","locations":[{"start":{"line":20,"column":4},"end":{"line":64,"column":null}},{"start":{"line":45,"column":11},"end":{"line":64,"column":null}}],"line":20},"1":{"loc":{"start":{"line":26,"column":8},"end":{"line":33,"column":null}},"type":"if","locations":[{"start":{"line":26,"column":8},"end":{"line":33,"column":null}},{"start":{},"end":{}}],"line":26},"2":{"loc":{"start":{"line":37,"column":8},"end":{"line":43,"column":null}},"type":"if","locations":[{"start":{"line":37,"column":8},"end":{"line":43,"column":null}},{"start":{"line":39,"column":8},"end":{"line":43,"column":null}}],"line":37},"3":{"loc":{"start":{"line":38,"column":21},"end":{"line":38,"column":74}},"type":"binary-expr","locations":[{"start":{"line":38,"column":21},"end":{"line":38,"column":52}},{"start":{"line":38,"column":52},"end":{"line":38,"column":74}}],"line":38},"4":{"loc":{"start":{"line":39,"column":8},"end":{"line":43,"column":null}},"type":"if","locations":[{"start":{"line":39,"column":8},"end":{"line":43,"column":null}},{"start":{"line":41,"column":15},"end":{"line":43,"column":null}}],"line":39},"5":{"loc":{"start":{"line":49,"column":8},"end":{"line":52,"column":null}},"type":"if","locations":[{"start":{"line":49,"column":8},"end":{"line":52,"column":null}},{"start":{},"end":{}}],"line":49},"6":{"loc":{"start":{"line":49,"column":12},"end":{"line":49,"column":60}},"type":"binary-expr","locations":[{"start":{"line":49,"column":12},"end":{"line":49,"column":39}},{"start":{"line":49,"column":39},"end":{"line":49,"column":60}}],"line":49},"7":{"loc":{"start":{"line":56,"column":8},"end":{"line":62,"column":null}},"type":"if","locations":[{"start":{"line":56,"column":8},"end":{"line":62,"column":null}},{"start":{"line":58,"column":8},"end":{"line":62,"column":null}}],"line":56},"8":{"loc":{"start":{"line":57,"column":21},"end":{"line":57,"column":74}},"type":"binary-expr","locations":[{"start":{"line":57,"column":21},"end":{"line":57,"column":52}},{"start":{"line":57,"column":52},"end":{"line":57,"column":74}}],"line":57},"9":{"loc":{"start":{"line":58,"column":8},"end":{"line":62,"column":null}},"type":"if","locations":[{"start":{"line":58,"column":8},"end":{"line":62,"column":null}},{"start":{"line":60,"column":15},"end":{"line":62,"column":null}}],"line":58},"10":{"loc":{"start":{"line":80,"column":17},"end":{"line":80,"column":null}},"type":"cond-expr","locations":[{"start":{"line":80,"column":32},"end":{"line":80,"column":54}},{"start":{"line":80,"column":54},"end":{"line":80,"column":null}}],"line":80},"11":{"loc":{"start":{"line":83,"column":17},"end":{"line":101,"column":null}},"type":"binary-expr","locations":[{"start":{"line":83,"column":17},"end":{"line":83,"column":null}},{"start":{"line":84,"column":18},"end":{"line":101,"column":null}}],"line":83},"12":{"loc":{"start":{"line":144,"column":19},"end":{"line":144,"column":null}},"type":"cond-expr","locations":[{"start":{"line":144,"column":34},"end":{"line":144,"column":56}},{"start":{"line":144,"column":56},"end":{"line":144,"column":null}}],"line":144},"13":{"loc":{"start":{"line":145,"column":19},"end":{"line":146,"column":null}},"type":"binary-expr","locations":[{"start":{"line":145,"column":19},"end":{"line":145,"column":null}},{"start":{"line":146,"column":20},"end":{"line":146,"column":null}}],"line":145},"14":{"loc":{"start":{"line":149,"column":17},"end":{"line":149,"column":null}},"type":"binary-expr","locations":[{"start":{"line":149,"column":17},"end":{"line":149,"column":28}},{"start":{"line":149,"column":28},"end":{"line":149,"column":null}}],"line":149},"15":{"loc":{"start":{"line":151,"column":19},"end":{"line":151,"column":63}},"type":"binary-expr","locations":[{"start":{"line":151,"column":19},"end":{"line":151,"column":35}},{"start":{"line":151,"column":35},"end":{"line":151,"column":63}}],"line":151},"16":{"loc":{"start":{"line":156,"column":21},"end":{"line":156,"column":null}},"type":"cond-expr","locations":[{"start":{"line":156,"column":36},"end":{"line":156,"column":52}},{"start":{"line":156,"column":52},"end":{"line":156,"column":null}}],"line":156}},"s":{"0":2,"1":2,"2":7,"3":7,"4":7,"5":7,"6":7,"7":7,"8":7,"9":7,"10":7,"11":1,"12":1,"13":1,"14":0,"15":0,"16":0,"17":0,"18":0,"19":0,"20":0,"21":0,"22":0,"23":0,"24":0,"25":0,"26":0,"27":0,"28":0,"29":0,"30":0,"31":0,"32":1,"33":1,"34":1,"35":1,"36":1,"37":1,"38":0,"39":0,"40":0,"41":0,"42":0,"43":0,"44":0,"45":7,"46":0,"47":0,"48":1,"49":1,"50":1},"f":{"0":7,"1":1,"2":0,"3":0,"4":1,"5":1,"6":1},"b":{"0":[0,1],"1":[0,0],"2":[0,0],"3":[0,0],"4":[0,0],"5":[1,0],"6":[1,1],"7":[0,0],"8":[0,0],"9":[0,0],"10":[1,6],"11":[7,1],"12":[1,6],"13":[7,1],"14":[7,0],"15":[7,1],"16":[1,6]},"meta":{"lastBranch":17,"lastFunction":7,"lastStatement":51,"seen":{"s:5:16:5:Infinity":0,"s:7:14:166:Infinity":1,"f:7:14:7:20":0,"s:8:8:8:Infinity":2,"s:9:38:9:Infinity":3,"s:10:30:10:Infinity":4,"s:11:24:11:Infinity":5,"s:12:30:12:Infinity":6,"s:13:28:13:Infinity":7,"s:14:28:14:Infinity":8,"s:15:38:15:Infinity":9,"s:17:23:65:Infinity":10,"f:17:23:17:30":1,"s:18:4:18:Infinity":11,"s:19:4:19:Infinity":12,"b:20:4:64:Infinity:45:11:64:Infinity":0,"s:20:4:64:Infinity":13,"s:21:6:44:Infinity":14,"s:22:21:22:Infinity":15,"s:23:25:23:Infinity":16,"s:24:8:24:Infinity":17,"b:26:8:33:Infinity:undefined:undefined:undefined:undefined":1,"s:26:8:33:Infinity":18,"s:27:10:27:Infinity":19,"s:28:10:28:Infinity":20,"s:29:10:29:Infinity":21,"s:30:10:30:Infinity":22,"s:31:10:31:Infinity":23,"s:32:10:32:Infinity":24,"s:35:8:35:Infinity":25,"s:36:8:36:Infinity":26,"b:37:8:43:Infinity:39:8:43:Infinity":2,"s:37:8:43:Infinity":27,"s:38:10:38:Infinity":28,"b:38:21:38:52:38:52:38:74":3,"b:39:8:43:Infinity:41:15:43:Infinity":4,"s:39:8:43:Infinity":29,"s:40:10:40:Infinity":30,"s:42:10:42:Infinity":31,"s:46:19:46:Infinity":32,"s:47:6:63:Infinity":33,"s:48:25:48:Infinity":34,"b:49:8:52:Infinity:undefined:undefined:undefined:undefined":5,"s:49:8:52:Infinity":35,"b:49:12:49:39:49:39:49:60":6,"s:50:10:50:Infinity":36,"s:51:10:51:Infinity":37,"s:54:8:54:Infinity":38,"s:55:8:55:Infinity":39,"b:56:8:62:Infinity:58:8:62:Infinity":7,"s:56:8:62:Infinity":40,"s:57:10:57:Infinity":41,"b:57:21:57:52:57:52:57:74":8,"b:58:8:62:Infinity:60:15:62:Infinity":9,"s:58:8:62:Infinity":42,"s:59:10:59:Infinity":43,"s:61:10:61:Infinity":44,"s:67:2:164:Infinity":45,"f:70:17:70:23":2,"s:70:23:70:Infinity":46,"b:80:32:80:54:80:54:80:Infinity":10,"b:83:17:83:Infinity:84:18:101:Infinity":11,"f:99:32:99:33":3,"s:99:39:99:Infinity":47,"f:118:30:118:31":4,"s:118:37:118:Infinity":48,"f:136:30:136:31":5,"s:136:37:136:Infinity":49,"b:144:34:144:56:144:56:144:Infinity":12,"b:145:19:145:Infinity:146:20:146:Infinity":13,"b:149:17:149:28:149:28:149:Infinity":14,"b:151:19:151:35:151:35:151:63":15,"f:154:29:154:35":6,"s:154:35:154:Infinity":50,"b:156:36:156:52:156:52:156:Infinity":16}}}
}
